<?xml version="1.0" encoding="UTF-8"?>
<!-- Generated by org.testng.reporters.JUnitReportReporter -->
<testsuite hostname="Satish-K-Singh" failures="0" tests="1" name="org.POJORequests.PostRequest" time="10.622" errors="0" timestamp="2021-10-03T17:22:34 IST" skipped="0">
  <testcase classname="org.POJORequests.PostRequest" name="POJO_PostReq" time="10.622"/>
  <system-out/>
</testsuite> <!-- org.POJORequests.PostRequest -->
