<?xml version="1.0" encoding="UTF-8"?>
<!-- Generated by org.testng.reporters.JUnitReportReporter -->
<testsuite hostname="Satish-K-Singh" failures="0" tests="1" name="org.POJORequests.POJO_Complex_PostRequestTest" time="3.037" errors="0" timestamp="2021-10-03T17:48:22 IST" skipped="0">
  <testcase classname="org.POJORequests.POJO_Complex_PostRequestTest" name="POJOComplexTest" time="3.037"/>
  <system-out/>
</testsuite> <!-- org.POJORequests.POJO_Complex_PostRequestTest -->
