<?xml version="1.0" encoding="UTF-8"?>
<!-- Generated by org.testng.reporters.JUnitReportReporter -->
<testsuite hostname="Satish-K-Singh" failures="0" tests="1" name="org.RestAssuredTests.NewTest" time="2.229" errors="0" timestamp="2021-10-03T18:32:48 IST" skipped="0">
  <testcase classname="org.RestAssuredTests.NewTest" name="FirstRestAssuredTest" time="2.229"/>
  <system-out/>
</testsuite> <!-- org.RestAssuredTests.NewTest -->
